Using pre-set license
Built from '2020.3/staging' branch; Version is '2020.3.6f1 (338bb68529b2) revision 3378102'; Using compiler version '192528614'; Build Type 'Release'
OS: 'Windows 10 Home; OS build 19042.985; Version 2009; 64bit' Language: 'en' Physical Memory: 16228 MB
BatchMode: 1, IsHumanControllingUs: 0, StartBugReporterOnCrash: 0, Is64bit: 1, IsPro: 0

 COMMAND LINE ARGUMENTS:
C:\Program Files\Unity\Hub\Editor\2020.3.6f1\Editor\Unity.exe
-adb2
-batchMode
-noUpm
-name
AssetImportWorker0
-projectPath
D:/UnityMAINPROJETSFOLDER/WeaponMaster
-logFile
Logs/AssetImportWorker0.log
-srvPort
58013
Successfully changed project path to: D:/UnityMAINPROJETSFOLDER/WeaponMaster
D:/UnityMAINPROJETSFOLDER/WeaponMaster
Using Asset Import Pipeline V2.
Refreshing native plugins compatible for Editor in 44.96 ms, found 1 plugins.
Preloading 0 native plugins for Editor in 0.00 ms.
Initialize engine version: 2020.3.6f1 (338bb68529b2)
[Subsystems] Discovering subsystems at path C:/Program Files/Unity/Hub/Editor/2020.3.6f1/Editor/Data/Resources/UnitySubsystems
[Subsystems] Discovering subsystems at path D:/UnityMAINPROJETSFOLDER/WeaponMaster/Assets
GfxDevice: creating device client; threaded=0
Direct3D:
    Version:  Direct3D 11.0 [level 11.1]
    Renderer: NVIDIA GeForce RTX 2060 (ID=0x1f11)
    Vendor:   
    VRAM:     5980 MB
    Driver:   26.21.14.4108
Initialize mono
Mono path[0] = 'C:/Program Files/Unity/Hub/Editor/2020.3.6f1/Editor/Data/Managed'
Mono path[1] = 'C:/Program Files/Unity/Hub/Editor/2020.3.6f1/Editor/Data/MonoBleedingEdge/lib/mono/unityjit'
Mono config path = 'C:/Program Files/Unity/Hub/Editor/2020.3.6f1/Editor/Data/MonoBleedingEdge/etc'
Using monoOptions --debugger-agent=transport=dt_socket,embedding=1,server=y,suspend=n,address=127.0.0.1:56408
Begin MonoManager ReloadAssembly
Registering precompiled unity dll's ...
Register platform support module: C:/Program Files/Unity/Hub/Editor/2020.3.6f1/Editor/Data/PlaybackEngines/WebGLSupport/UnityEditor.WebGL.Extensions.dll
Register platform support module: C:/Program Files/Unity/Hub/Editor/2020.3.6f1/Editor/Data/PlaybackEngines/MacStandaloneSupport/UnityEditor.OSXStandalone.Extensions.dll
Register platform support module: C:/Program Files/Unity/Hub/Editor/2020.3.6f1/Editor/Data/PlaybackEngines/WindowsStandaloneSupport/UnityEditor.WindowsStandalone.Extensions.dll
Registered in 0.003447 seconds.
Native extension for WindowsStandalone target not found
Native extension for OSXStandalone target not found
Native extension for WebGL target not found
Refreshing native plugins compatible for Editor in 44.52 ms, found 1 plugins.
Preloading 0 native plugins for Editor in 0.00 ms.
Mono: successfully reloaded assembly
- Completed reload, in  2.113 seconds
Platform modules already initialized, skipping
Registering precompiled user dll's ...
Registered in 0.002162 seconds.
Begin MonoManager ReloadAssembly
Native extension for WindowsStandalone target not found
Native extension for OSXStandalone target not found
Native extension for WebGL target not found
Refreshing native plugins compatible for Editor in 74.58 ms, found 1 plugins.
Preloading 0 native plugins for Editor in 0.00 ms.
Mono: successfully reloaded assembly
- Completed reload, in  1.080 seconds
Platform modules already initialized, skipping
========================================================================
Worker process is ready to serve import requests
Launched and connected shader compiler UnityShaderCompiler.exe after 0.05 seconds
Refreshing native plugins compatible for Editor in 0.61 ms, found 1 plugins.
Preloading 0 native plugins for Editor in 0.00 ms.
Unloading 2250 Unused Serialized files (Serialized files now loaded: 0)
System memory in use before: 101.1 MB.
System memory in use after: 101.0 MB.

Unloading 31 unused Assets to reduce memory usage. Loaded Objects now: 2689.
Total: 2.267100 ms (FindLiveObjects: 0.251800 ms CreateObjectMapping: 0.115700 ms MarkObjects: 1.780100 ms  DeleteObjects: 0.118600 ms)

========================================================================
Received Import Request.
  path: Assets/SimplePixelUI/prefabs/Gray_black/square/background.prefab
  artifactKey: Guid(ddc1fee0e30bec34aa11cfdf3e0cfc34) Importer(815301076,1909f56bfc062723c751e8b465ee728b)
Start importing Assets/SimplePixelUI/prefabs/Gray_black/square/background.prefab using Guid(ddc1fee0e30bec34aa11cfdf3e0cfc34) Importer(815301076,1909f56bfc062723c751e8b465ee728b)  -> (artifact id: '1877923685fea28650b3c387014e8183') in 0.065662 seconds
  Import took 0.069031 seconds .

========================================================================
Received Import Request.
  Time since last request: 0.000534 seconds.
  path: Assets/_Main/Prefabs/Game/GameManager.prefab
  artifactKey: Guid(63ca04180117282489999ee77d1ffb8d) Importer(815301076,1909f56bfc062723c751e8b465ee728b)
Start importing Assets/_Main/Prefabs/Game/GameManager.prefab using Guid(63ca04180117282489999ee77d1ffb8d) Importer(815301076,1909f56bfc062723c751e8b465ee728b)  -> (artifact id: '23a1a7ed1e5aa8d0c74e51c63e997f4d') in 0.100041 seconds
  Import took 0.103827 seconds .

========================================================================
Received Import Request.
  Time since last request: 0.000489 seconds.
  path: Assets/SimplePixelUI/prefabs/Gray_black/rounded/background.prefab
  artifactKey: Guid(58c66169087b95140a6cc11e38fe212f) Importer(815301076,1909f56bfc062723c751e8b465ee728b)
Start importing Assets/SimplePixelUI/prefabs/Gray_black/rounded/background.prefab using Guid(58c66169087b95140a6cc11e38fe212f) Importer(815301076,1909f56bfc062723c751e8b465ee728b)  -> (artifact id: 'b544f1c20ded696286f6fb5891f69117') in 0.004734 seconds
  Import took 0.007978 seconds .

========================================================================
Received Import Request.
  Time since last request: 0.000432 seconds.
  path: Assets/_Main/Scripts/Game/GameManager.cs
  artifactKey: Guid(8c9de4ac8e277ec4bbe9c3f5b0af3a45) Importer(815301076,1909f56bfc062723c751e8b465ee728b)
Start importing Assets/_Main/Scripts/Game/GameManager.cs using Guid(8c9de4ac8e277ec4bbe9c3f5b0af3a45) Importer(815301076,1909f56bfc062723c751e8b465ee728b)  -> (artifact id: '5443f96c9cffa01b9722acb41b50948f') in 0.012072 seconds
  Import took 0.015807 seconds .

========================================================================
Received Import Request.
  Time since last request: 44.234881 seconds.
  path: Assets/_Main/Scripts/Game/GameManager.cs
  artifactKey: Guid(8c9de4ac8e277ec4bbe9c3f5b0af3a45) Importer(815301076,1909f56bfc062723c751e8b465ee728b)
Start importing Assets/_Main/Scripts/Game/GameManager.cs using Guid(8c9de4ac8e277ec4bbe9c3f5b0af3a45) Importer(815301076,1909f56bfc062723c751e8b465ee728b)  -> (artifact id: '057ff3e761a0f9efe594350cb2dabe8f') in 0.001997 seconds
  Import took 0.006776 seconds .

========================================================================
Received Import Request.
  Time since last request: 28.702952 seconds.
  path: Assets/_Main/Scripts/Game/GameManager.cs
  artifactKey: Guid(8c9de4ac8e277ec4bbe9c3f5b0af3a45) Importer(815301076,1909f56bfc062723c751e8b465ee728b)
Start importing Assets/_Main/Scripts/Game/GameManager.cs using Guid(8c9de4ac8e277ec4bbe9c3f5b0af3a45) Importer(815301076,1909f56bfc062723c751e8b465ee728b)  -> (artifact id: '68eff75061038e1f8b426f2ad504fdec') in 0.001837 seconds
  Import took 0.005567 seconds .

========================================================================
Received Import Request.
  Time since last request: 8.370633 seconds.
  path: Assets/_Main/Scripts/Game/GameManager.cs
  artifactKey: Guid(8c9de4ac8e277ec4bbe9c3f5b0af3a45) Importer(815301076,1909f56bfc062723c751e8b465ee728b)
Start importing Assets/_Main/Scripts/Game/GameManager.cs using Guid(8c9de4ac8e277ec4bbe9c3f5b0af3a45) Importer(815301076,1909f56bfc062723c751e8b465ee728b)  -> (artifact id: 'bcc539c4b8ffde768160bc1e6aaae544') in 0.001901 seconds
  Import took 0.005370 seconds .

========================================================================
Received Import Request.
  Time since last request: 24.819375 seconds.
  path: Assets/_Main/Scripts/Game/GameManager.cs
  artifactKey: Guid(8c9de4ac8e277ec4bbe9c3f5b0af3a45) Importer(815301076,1909f56bfc062723c751e8b465ee728b)
Start importing Assets/_Main/Scripts/Game/GameManager.cs using Guid(8c9de4ac8e277ec4bbe9c3f5b0af3a45) Importer(815301076,1909f56bfc062723c751e8b465ee728b)  -> (artifact id: '99ca4e0304c1e4e495a3c687ca35c690') in 0.002027 seconds
  Import took 0.005607 seconds .

========================================================================
Received Prepare
Registering precompiled user dll's ...
Registered in 0.002395 seconds.
Begin MonoManager ReloadAssembly
Native extension for WindowsStandalone target not found
Native extension for OSXStandalone target not found
Native extension for WebGL target not found
Refreshing native plugins compatible for Editor in 0.47 ms, found 1 plugins.
Preloading 0 native plugins for Editor in 0.00 ms.
Mono: successfully reloaded assembly
- Completed reload, in  0.928 seconds
Platform modules already initialized, skipping
Refreshing native plugins compatible for Editor in 0.49 ms, found 1 plugins.
Preloading 0 native plugins for Editor in 0.00 ms.
Unloading 2228 Unused Serialized files (Serialized files now loaded: 0)
System memory in use before: 99.6 MB.
System memory in use after: 99.6 MB.

Unloading 19 unused Assets to reduce memory usage. Loaded Objects now: 2694.
Total: 2.382400 ms (FindLiveObjects: 0.256400 ms CreateObjectMapping: 0.104600 ms MarkObjects: 1.901000 ms  DeleteObjects: 0.118600 ms)

========================================================================
Received Prepare
Refreshing native plugins compatible for Editor in 2.46 ms, found 1 plugins.
Preloading 0 native plugins for Editor in 0.00 ms.
Unloading 15 Unused Serialized files (Serialized files now loaded: 0)
System memory in use before: 55.8 MB.
System memory in use after: 55.8 MB.

Unloading 15 unused Assets to reduce memory usage. Loaded Objects now: 2694.
Total: 2.563300 ms (FindLiveObjects: 0.297500 ms CreateObjectMapping: 0.108000 ms MarkObjects: 2.053500 ms  DeleteObjects: 0.103400 ms)

========================================================================
Received Prepare
Registering precompiled user dll's ...
Registered in 0.002672 seconds.
Begin MonoManager ReloadAssembly
Native extension for WindowsStandalone target not found
Native extension for OSXStandalone target not found
Native extension for WebGL target not found
Refreshing native plugins compatible for Editor in 2.13 ms, found 1 plugins.
Preloading 0 native plugins for Editor in 0.00 ms.
Mono: successfully reloaded assembly
- Completed reload, in  2.425 seconds
Platform modules already initialized, skipping
Refreshing native plugins compatible for Editor in 1.35 ms, found 1 plugins.
Preloading 0 native plugins for Editor in 0.00 ms.
Unloading 2228 Unused Serialized files (Serialized files now loaded: 0)
System memory in use before: 99.6 MB.
System memory in use after: 99.6 MB.

Unloading 18 unused Assets to reduce memory usage. Loaded Objects now: 2699.
Total: 11.114500 ms (FindLiveObjects: 2.520300 ms CreateObjectMapping: 1.662100 ms MarkObjects: 6.487400 ms  DeleteObjects: 0.432400 ms)

========================================================================
Received Prepare
Registering precompiled user dll's ...
Registered in 0.004634 seconds.
Begin MonoManager ReloadAssembly
Native extension for WindowsStandalone target not found
Native extension for OSXStandalone target not found
Native extension for WebGL target not found
Refreshing native plugins compatible for Editor in 0.55 ms, found 1 plugins.
Preloading 0 native plugins for Editor in 0.00 ms.
Mono: successfully reloaded assembly
- Completed reload, in  1.645 seconds
Platform modules already initialized, skipping
Refreshing native plugins compatible for Editor in 4.10 ms, found 1 plugins.
Preloading 0 native plugins for Editor in 0.00 ms.
Unloading 2228 Unused Serialized files (Serialized files now loaded: 0)
System memory in use before: 99.6 MB.
System memory in use after: 99.6 MB.

Unloading 18 unused Assets to reduce memory usage. Loaded Objects now: 2704.
Total: 6.567600 ms (FindLiveObjects: 0.923700 ms CreateObjectMapping: 0.135700 ms MarkObjects: 5.374500 ms  DeleteObjects: 0.131400 ms)

========================================================================
Received Prepare
Registering precompiled user dll's ...
Registered in 0.007994 seconds.
Begin MonoManager ReloadAssembly
Native extension for WindowsStandalone target not found
Native extension for OSXStandalone target not found
Native extension for WebGL target not found
Refreshing native plugins compatible for Editor in 2.35 ms, found 1 plugins.
Preloading 0 native plugins for Editor in 0.00 ms.
Mono: successfully reloaded assembly
- Completed reload, in  2.037 seconds
Platform modules already initialized, skipping
Refreshing native plugins compatible for Editor in 1.62 ms, found 1 plugins.
Preloading 0 native plugins for Editor in 0.00 ms.
Unloading 2228 Unused Serialized files (Serialized files now loaded: 0)
System memory in use before: 99.7 MB.
System memory in use after: 99.7 MB.

Unloading 18 unused Assets to reduce memory usage. Loaded Objects now: 2709.
Total: 6.597900 ms (FindLiveObjects: 0.370900 ms CreateObjectMapping: 0.155400 ms MarkObjects: 5.810200 ms  DeleteObjects: 0.259000 ms)

========================================================================
Received Import Request.
  Time since last request: 1286.592766 seconds.
  path: Assets/_Main/Scenes/TestGame.unity
  artifactKey: Guid(2cda990e2423bbf4892e6590ba056729) Importer(815301076,1909f56bfc062723c751e8b465ee728b)
Start importing Assets/_Main/Scenes/TestGame.unity using Guid(2cda990e2423bbf4892e6590ba056729) Importer(815301076,1909f56bfc062723c751e8b465ee728b)  -> (artifact id: 'afa2c262d4548aebefa82073bda99702') in 0.016891 seconds
  Import took 0.021964 seconds .

========================================================================
Received Prepare
Registering precompiled user dll's ...
Registered in 0.002244 seconds.
Begin MonoManager ReloadAssembly
Native extension for WindowsStandalone target not found
Native extension for OSXStandalone target not found
Native extension for WebGL target not found
Refreshing native plugins compatible for Editor in 1.07 ms, found 1 plugins.
Preloading 0 native plugins for Editor in 0.00 ms.
Mono: successfully reloaded assembly
- Completed reload, in  0.962 seconds
Platform modules already initialized, skipping
Refreshing native plugins compatible for Editor in 1.20 ms, found 1 plugins.
Preloading 0 native plugins for Editor in 0.00 ms.
Unloading 2228 Unused Serialized files (Serialized files now loaded: 0)
System memory in use before: 99.7 MB.
System memory in use after: 99.7 MB.

Unloading 18 unused Assets to reduce memory usage. Loaded Objects now: 2714.
Total: 2.259100 ms (FindLiveObjects: 0.239400 ms CreateObjectMapping: 0.073800 ms MarkObjects: 1.836200 ms  DeleteObjects: 0.107300 ms)

========================================================================
Received Prepare
Refreshing native plugins compatible for Editor in 2.51 ms, found 1 plugins.
Preloading 0 native plugins for Editor in 0.00 ms.
Unloading 15 Unused Serialized files (Serialized files now loaded: 0)
System memory in use before: 55.9 MB.
System memory in use after: 55.9 MB.

Unloading 15 unused Assets to reduce memory usage. Loaded Objects now: 2714.
Total: 2.706800 ms (FindLiveObjects: 0.281300 ms CreateObjectMapping: 0.097900 ms MarkObjects: 2.220600 ms  DeleteObjects: 0.106000 ms)

========================================================================
Received Prepare
Registering precompiled user dll's ...
Registered in 0.003619 seconds.
Begin MonoManager ReloadAssembly
Native extension for WindowsStandalone target not found
Native extension for OSXStandalone target not found
Native extension for WebGL target not found
Refreshing native plugins compatible for Editor in 7.75 ms, found 1 plugins.
Preloading 0 native plugins for Editor in 0.00 ms.
Mono: successfully reloaded assembly
- Completed reload, in  2.149 seconds
Platform modules already initialized, skipping
Refreshing native plugins compatible for Editor in 0.82 ms, found 1 plugins.
Preloading 0 native plugins for Editor in 0.00 ms.
Unloading 2228 Unused Serialized files (Serialized files now loaded: 0)
System memory in use before: 99.8 MB.
System memory in use after: 99.9 MB.

Unloading 18 unused Assets to reduce memory usage. Loaded Objects now: 2719.
Total: 6.723200 ms (FindLiveObjects: 1.579000 ms CreateObjectMapping: 1.241800 ms MarkObjects: 3.708800 ms  DeleteObjects: 0.186500 ms)

========================================================================
Received Prepare
Registering precompiled user dll's ...
Registered in 0.002102 seconds.
Begin MonoManager ReloadAssembly
Native extension for WindowsStandalone target not found
Native extension for OSXStandalone target not found
Native extension for WebGL target not found
Refreshing native plugins compatible for Editor in 0.47 ms, found 1 plugins.
Preloading 0 native plugins for Editor in 0.00 ms.
Mono: successfully reloaded assembly
- Completed reload, in  0.930 seconds
Platform modules already initialized, skipping
Refreshing native plugins compatible for Editor in 0.75 ms, found 1 plugins.
Preloading 0 native plugins for Editor in 0.00 ms.
Unloading 2228 Unused Serialized files (Serialized files now loaded: 0)
System memory in use before: 99.8 MB.
System memory in use after: 99.9 MB.

Unloading 18 unused Assets to reduce memory usage. Loaded Objects now: 2724.
Total: 2.811500 ms (FindLiveObjects: 0.278400 ms CreateObjectMapping: 0.106100 ms MarkObjects: 2.311100 ms  DeleteObjects: 0.114500 ms)

========================================================================
Received Prepare
Refreshing native plugins compatible for Editor in 2.69 ms, found 1 plugins.
Preloading 0 native plugins for Editor in 0.00 ms.
Unloading 15 Unused Serialized files (Serialized files now loaded: 0)
System memory in use before: 56.0 MB.
System memory in use after: 56.1 MB.

Unloading 15 unused Assets to reduce memory usage. Loaded Objects now: 2724.
Total: 2.480400 ms (FindLiveObjects: 0.256800 ms CreateObjectMapping: 0.131300 ms MarkObjects: 1.979600 ms  DeleteObjects: 0.111500 ms)

========================================================================
Received Prepare
Registering precompiled user dll's ...
Registered in 0.012413 seconds.
Begin MonoManager ReloadAssembly
Native extension for WindowsStandalone target not found
Native extension for OSXStandalone target not found
Native extension for WebGL target not found
Refreshing native plugins compatible for Editor in 3.48 ms, found 1 plugins.
Preloading 0 native plugins for Editor in 0.00 ms.
Mono: successfully reloaded assembly
- Completed reload, in  2.648 seconds
Platform modules already initialized, skipping
Refreshing native plugins compatible for Editor in 2.60 ms, found 1 plugins.
Preloading 0 native plugins for Editor in 0.00 ms.
Unloading 2228 Unused Serialized files (Serialized files now loaded: 0)
System memory in use before: 99.8 MB.
System memory in use after: 99.9 MB.

Unloading 18 unused Assets to reduce memory usage. Loaded Objects now: 2729.
Total: 34.307200 ms (FindLiveObjects: 3.729100 ms CreateObjectMapping: 1.634700 ms MarkObjects: 28.417700 ms  DeleteObjects: 0.514700 ms)

========================================================================
Received Prepare
Registering precompiled user dll's ...
Registered in 0.001974 seconds.
Begin MonoManager ReloadAssembly
Native extension for WindowsStandalone target not found
Native extension for OSXStandalone target not found
Native extension for WebGL target not found
Refreshing native plugins compatible for Editor in 0.48 ms, found 1 plugins.
Preloading 0 native plugins for Editor in 0.00 ms.
Mono: successfully reloaded assembly
- Completed reload, in  0.931 seconds
Platform modules already initialized, skipping
Refreshing native plugins compatible for Editor in 0.52 ms, found 1 plugins.
Preloading 0 native plugins for Editor in 0.00 ms.
Unloading 2228 Unused Serialized files (Serialized files now loaded: 0)
System memory in use before: 99.9 MB.
System memory in use after: 100.0 MB.

Unloading 18 unused Assets to reduce memory usage. Loaded Objects now: 2734.
Total: 2.719100 ms (FindLiveObjects: 0.340200 ms CreateObjectMapping: 0.146600 ms MarkObjects: 2.120400 ms  DeleteObjects: 0.110700 ms)

========================================================================
Received Prepare
Refreshing native plugins compatible for Editor in 3.98 ms, found 1 plugins.
Preloading 0 native plugins for Editor in 0.00 ms.
Unloading 15 Unused Serialized files (Serialized files now loaded: 0)
System memory in use before: 56.1 MB.
System memory in use after: 56.2 MB.

Unloading 15 unused Assets to reduce memory usage. Loaded Objects now: 2734.
Total: 4.070200 ms (FindLiveObjects: 0.610800 ms CreateObjectMapping: 0.933000 ms MarkObjects: 2.381700 ms  DeleteObjects: 0.143400 ms)

========================================================================
Received Prepare
Registering precompiled user dll's ...
Registered in 0.002021 seconds.
Begin MonoManager ReloadAssembly
Native extension for WindowsStandalone target not found
Native extension for OSXStandalone target not found
Native extension for WebGL target not found
Refreshing native plugins compatible for Editor in 0.68 ms, found 1 plugins.
Preloading 0 native plugins for Editor in 0.00 ms.
Mono: successfully reloaded assembly
- Completed reload, in  2.789 seconds
Platform modules already initialized, skipping
Refreshing native plugins compatible for Editor in 1.93 ms, found 1 plugins.
Preloading 0 native plugins for Editor in 0.00 ms.
Unloading 2228 Unused Serialized files (Serialized files now loaded: 0)
System memory in use before: 99.8 MB.
System memory in use after: 99.9 MB.

Unloading 18 unused Assets to reduce memory usage. Loaded Objects now: 2739.
Total: 8.342000 ms (FindLiveObjects: 1.399700 ms CreateObjectMapping: 0.653500 ms MarkObjects: 6.153300 ms  DeleteObjects: 0.130100 ms)

========================================================================
Received Import Request.
  Time since last request: 594.142557 seconds.
  path: Assets/_Main/Scenes/TestGame2.unity
  artifactKey: Guid(e5f658185ea906c40b6101a94ed30062) Importer(815301076,1909f56bfc062723c751e8b465ee728b)
Start importing Assets/_Main/Scenes/TestGame2.unity using Guid(e5f658185ea906c40b6101a94ed30062) Importer(815301076,1909f56bfc062723c751e8b465ee728b)  -> (artifact id: 'd8f4be097ab9204da2b3292acccfa6e2') in 0.014667 seconds
  Import took 0.018611 seconds .

========================================================================
Received Import Request.
  Time since last request: 3.282213 seconds.
  path: Assets/_Main/Scenes/TestGame.unity
  artifactKey: Guid(2cda990e2423bbf4892e6590ba056729) Importer(815301076,1909f56bfc062723c751e8b465ee728b)
Start importing Assets/_Main/Scenes/TestGame.unity using Guid(2cda990e2423bbf4892e6590ba056729) Importer(815301076,1909f56bfc062723c751e8b465ee728b)  -> (artifact id: '0cdd84bc159ac3e2e5a04f5e843029a2') in 0.002866 seconds
  Import took 0.006976 seconds .

========================================================================
Received Prepare
Refreshing native plugins compatible for Editor in 2.44 ms, found 1 plugins.
Preloading 0 native plugins for Editor in 0.00 ms.
Unloading 15 Unused Serialized files (Serialized files now loaded: 0)
System memory in use before: 56.0 MB.
System memory in use after: 56.1 MB.

Unloading 15 unused Assets to reduce memory usage. Loaded Objects now: 2739.
Total: 2.738600 ms (FindLiveObjects: 0.215200 ms CreateObjectMapping: 0.099200 ms MarkObjects: 2.320400 ms  DeleteObjects: 0.102900 ms)

========================================================================
Received Prepare
Registering precompiled user dll's ...
Registered in 0.011106 seconds.
Begin MonoManager ReloadAssembly
Native extension for WindowsStandalone target not found
Native extension for OSXStandalone target not found
Native extension for WebGL target not found
Refreshing native plugins compatible for Editor in 0.64 ms, found 1 plugins.
Preloading 0 native plugins for Editor in 0.00 ms.
Mono: successfully reloaded assembly
- Completed reload, in  2.640 seconds
Platform modules already initialized, skipping
Refreshing native plugins compatible for Editor in 0.90 ms, found 1 plugins.
Preloading 0 native plugins for Editor in 0.00 ms.
Unloading 2228 Unused Serialized files (Serialized files now loaded: 0)
System memory in use before: 99.9 MB.
System memory in use after: 100.0 MB.

Unloading 18 unused Assets to reduce memory usage. Loaded Objects now: 2744.
Total: 8.211200 ms (FindLiveObjects: 0.559300 ms CreateObjectMapping: 0.267000 ms MarkObjects: 6.940600 ms  DeleteObjects: 0.440700 ms)

========================================================================
Received Prepare
Registering precompiled user dll's ...
Registered in 0.002046 seconds.
Begin MonoManager ReloadAssembly
Native extension for WindowsStandalone target not found
Native extension for OSXStandalone target not found
Native extension for WebGL target not found
Refreshing native plugins compatible for Editor in 0.48 ms, found 1 plugins.
Preloading 0 native plugins for Editor in 0.00 ms.
Mono: successfully reloaded assembly
- Completed reload, in  0.928 seconds
Platform modules already initialized, skipping
Refreshing native plugins compatible for Editor in 0.49 ms, found 1 plugins.
Preloading 0 native plugins for Editor in 0.00 ms.
Unloading 2228 Unused Serialized files (Serialized files now loaded: 0)
System memory in use before: 99.9 MB.
System memory in use after: 100.0 MB.

Unloading 18 unused Assets to reduce memory usage. Loaded Objects now: 2749.
Total: 2.399000 ms (FindLiveObjects: 0.248900 ms CreateObjectMapping: 0.117200 ms MarkObjects: 1.927200 ms  DeleteObjects: 0.104200 ms)

========================================================================
Received Import Request.
  Time since last request: 121.698928 seconds.
  path: Assets/_Main/Scenes/Menus/MainMenu.unity
  artifactKey: Guid(3850dcefcc5e3094b9b19a30d6296650) Importer(815301076,1909f56bfc062723c751e8b465ee728b)
Start importing Assets/_Main/Scenes/Menus/MainMenu.unity using Guid(3850dcefcc5e3094b9b19a30d6296650) Importer(815301076,1909f56bfc062723c751e8b465ee728b)  -> (artifact id: '60506209813f4fa73e5b18dc1b8cd6de') in 0.012522 seconds
  Import took 0.018679 seconds .

========================================================================
Received Import Request.
  Time since last request: 2.018939 seconds.
  path: Assets/_Main/Scenes/TestGame.unity
  artifactKey: Guid(2cda990e2423bbf4892e6590ba056729) Importer(815301076,1909f56bfc062723c751e8b465ee728b)
Start importing Assets/_Main/Scenes/TestGame.unity using Guid(2cda990e2423bbf4892e6590ba056729) Importer(815301076,1909f56bfc062723c751e8b465ee728b)  -> (artifact id: '3d831d5cd8f433427081e5b91d346e61') in 0.002921 seconds
  Import took 0.008378 seconds .

========================================================================
Received Import Request.
  Time since last request: 0.001515 seconds.
  path: Assets/_Main/Scenes/TestGame.unity
  artifactKey: Guid(2cda990e2423bbf4892e6590ba056729) Importer(815301076,1909f56bfc062723c751e8b465ee728b)
Start importing Assets/_Main/Scenes/TestGame.unity using Guid(2cda990e2423bbf4892e6590ba056729) Importer(815301076,1909f56bfc062723c751e8b465ee728b)  -> (artifact id: '3d831d5cd8f433427081e5b91d346e61') in 0.004204 seconds
  Import took 0.009027 seconds .

========================================================================
Received Import Request.
  Time since last request: 31.980846 seconds.
  path: Assets/_Main/Prefabs/Game/UI/CharacterDisplay.prefab
  artifactKey: Guid(588356a62960ce649b7e299de15f741d) Importer(815301076,1909f56bfc062723c751e8b465ee728b)
Start importing Assets/_Main/Prefabs/Game/UI/CharacterDisplay.prefab using Guid(588356a62960ce649b7e299de15f741d) Importer(815301076,1909f56bfc062723c751e8b465ee728b)  -> (artifact id: '46e196b33fcc8f7fd950e65d798a87dc') in 0.036255 seconds
  Import took 0.041184 seconds .

========================================================================
Received Prepare
Refreshing native plugins compatible for Editor in 5.84 ms, found 1 plugins.
Preloading 0 native plugins for Editor in 0.00 ms.
Unloading 15 Unused Serialized files (Serialized files now loaded: 0)
System memory in use before: 56.4 MB.
System memory in use after: 56.4 MB.

Unloading 16 unused Assets to reduce memory usage. Loaded Objects now: 2749.
Total: 5.785700 ms (FindLiveObjects: 0.591000 ms CreateObjectMapping: 0.381200 ms MarkObjects: 4.140700 ms  DeleteObjects: 0.667300 ms)

========================================================================
Received Prepare
Registering precompiled user dll's ...
Registered in 0.008880 seconds.
Begin MonoManager ReloadAssembly
Native extension for WindowsStandalone target not found
Native extension for OSXStandalone target not found
Native extension for WebGL target not found
Refreshing native plugins compatible for Editor in 2.10 ms, found 1 plugins.
Preloading 0 native plugins for Editor in 0.00 ms.
Mono: successfully reloaded assembly
- Completed reload, in  3.255 seconds
Platform modules already initialized, skipping
Refreshing native plugins compatible for Editor in 1.23 ms, found 1 plugins.
Preloading 0 native plugins for Editor in 0.00 ms.
Unloading 2228 Unused Serialized files (Serialized files now loaded: 0)
System memory in use before: 100.0 MB.
System memory in use after: 100.0 MB.

Unloading 18 unused Assets to reduce memory usage. Loaded Objects now: 2754.
Total: 11.322900 ms (FindLiveObjects: 1.842900 ms CreateObjectMapping: 1.056000 ms MarkObjects: 7.917900 ms  DeleteObjects: 0.497700 ms)

AssetImportWorkerClient::OnTransportError - code=2 error=End of file
