Using pre-set license
Built from '2020.3/staging' branch; Version is '2020.3.6f1 (338bb68529b2) revision 3378102'; Using compiler version '192528614'; Build Type 'Release'
OS: 'Windows 10 Home; OS build 19042.985; Version 2009; 64bit' Language: 'en' Physical Memory: 16228 MB
BatchMode: 1, IsHumanControllingUs: 0, StartBugReporterOnCrash: 0, Is64bit: 1, IsPro: 0

 COMMAND LINE ARGUMENTS:
C:\Program Files\Unity\Hub\Editor\2020.3.6f1\Editor\Unity.exe
-adb2
-batchMode
-noUpm
-name
AssetImportWorker0
-projectPath
D:/UnityMAINPROJETSFOLDER/WeaponMaster
-logFile
Logs/AssetImportWorker0.log
-srvPort
59142
Successfully changed project path to: D:/UnityMAINPROJETSFOLDER/WeaponMaster
D:/UnityMAINPROJETSFOLDER/WeaponMaster
Using Asset Import Pipeline V2.
Refreshing native plugins compatible for Editor in 141.22 ms, found 1 plugins.
Preloading 0 native plugins for Editor in 0.00 ms.
Initialize engine version: 2020.3.6f1 (338bb68529b2)
[Subsystems] Discovering subsystems at path C:/Program Files/Unity/Hub/Editor/2020.3.6f1/Editor/Data/Resources/UnitySubsystems
[Subsystems] Discovering subsystems at path D:/UnityMAINPROJETSFOLDER/WeaponMaster/Assets
GfxDevice: creating device client; threaded=0
Direct3D:
    Version:  Direct3D 11.0 [level 11.1]
    Renderer: NVIDIA GeForce RTX 2060 (ID=0x1f11)
    Vendor:   
    VRAM:     5980 MB
    Driver:   26.21.14.4108
Initialize mono
Mono path[0] = 'C:/Program Files/Unity/Hub/Editor/2020.3.6f1/Editor/Data/Managed'
Mono path[1] = 'C:/Program Files/Unity/Hub/Editor/2020.3.6f1/Editor/Data/MonoBleedingEdge/lib/mono/unityjit'
Mono config path = 'C:/Program Files/Unity/Hub/Editor/2020.3.6f1/Editor/Data/MonoBleedingEdge/etc'
Using monoOptions --debugger-agent=transport=dt_socket,embedding=1,server=y,suspend=n,address=127.0.0.1:56900
Begin MonoManager ReloadAssembly
Registering precompiled unity dll's ...
Register platform support module: C:/Program Files/Unity/Hub/Editor/2020.3.6f1/Editor/Data/PlaybackEngines/WebGLSupport/UnityEditor.WebGL.Extensions.dll
Register platform support module: C:/Program Files/Unity/Hub/Editor/2020.3.6f1/Editor/Data/PlaybackEngines/MacStandaloneSupport/UnityEditor.OSXStandalone.Extensions.dll
Register platform support module: C:/Program Files/Unity/Hub/Editor/2020.3.6f1/Editor/Data/PlaybackEngines/WindowsStandaloneSupport/UnityEditor.WindowsStandalone.Extensions.dll
Registered in 0.005568 seconds.
Native extension for WindowsStandalone target not found
Native extension for OSXStandalone target not found
Native extension for WebGL target not found
Refreshing native plugins compatible for Editor in 51.50 ms, found 1 plugins.
Preloading 0 native plugins for Editor in 0.00 ms.
Mono: successfully reloaded assembly
- Completed reload, in  2.856 seconds
Platform modules already initialized, skipping
Registering precompiled user dll's ...
Registered in 0.002573 seconds.
Begin MonoManager ReloadAssembly
Native extension for WindowsStandalone target not found
Native extension for OSXStandalone target not found
Native extension for WebGL target not found
Refreshing native plugins compatible for Editor in 95.28 ms, found 1 plugins.
Preloading 0 native plugins for Editor in 0.00 ms.
Mono: successfully reloaded assembly
- Completed reload, in  3.309 seconds
Platform modules already initialized, skipping
========================================================================
Worker process is ready to serve import requests
Launched and connected shader compiler UnityShaderCompiler.exe after 0.05 seconds
Refreshing native plugins compatible for Editor in 0.57 ms, found 1 plugins.
Preloading 0 native plugins for Editor in 0.00 ms.
Unloading 2065 Unused Serialized files (Serialized files now loaded: 0)
System memory in use before: 95.2 MB.
System memory in use after: 95.2 MB.

Unloading 30 unused Assets to reduce memory usage. Loaded Objects now: 2504.
Total: 3.605100 ms (FindLiveObjects: 0.481600 ms CreateObjectMapping: 0.136600 ms MarkObjects: 2.797100 ms  DeleteObjects: 0.188400 ms)

========================================================================
Received Import Request.
  path: Assets/_Main/Scripts/Network/GameNetworkManager.cs
  artifactKey: Guid(8c9de4ac8e277ec4bbe9c3f5b0af3a45) Importer(815301076,1909f56bfc062723c751e8b465ee728b)
Start importing Assets/_Main/Scripts/Network/GameNetworkManager.cs using Guid(8c9de4ac8e277ec4bbe9c3f5b0af3a45) Importer(815301076,1909f56bfc062723c751e8b465ee728b)  -> (artifact id: 'd2a1329755b704ede0a1822b06f7da33') in 0.054304 seconds
  Import took 0.059174 seconds .

========================================================================
Received Import Request.
  Time since last request: 23.433487 seconds.
  path: Assets/_Main/Scripts/Network/GameNetworkManager.cs
  artifactKey: Guid(8c9de4ac8e277ec4bbe9c3f5b0af3a45) Importer(815301076,1909f56bfc062723c751e8b465ee728b)
Start importing Assets/_Main/Scripts/Network/GameNetworkManager.cs using Guid(8c9de4ac8e277ec4bbe9c3f5b0af3a45) Importer(815301076,1909f56bfc062723c751e8b465ee728b)  -> (artifact id: '00000000000000000000000000000000') in 0.000703 seconds
  ERROR: Build asset version error: assets/_main/scripts/network/gamenetworkmanager.cs in SourceAssetDB has modification time of '2021-05-17T08:08:10.7561613Z' while content on disk has modification time of '2021-05-17T08:08:10.9360608Z'
  Import took 0.007990 seconds .

========================================================================
Received Import Request.
  Time since last request: 0.070181 seconds.
  path: Assets/_Main/Scripts/Network/GameNetworkManager.cs
  artifactKey: Guid(8c9de4ac8e277ec4bbe9c3f5b0af3a45) Importer(815301076,1909f56bfc062723c751e8b465ee728b)
Start importing Assets/_Main/Scripts/Network/GameNetworkManager.cs using Guid(8c9de4ac8e277ec4bbe9c3f5b0af3a45) Importer(815301076,1909f56bfc062723c751e8b465ee728b)  -> (artifact id: '744032f222fc9572d96efff9fc9dccf8') in 0.004030 seconds
  Import took 0.012523 seconds .

========================================================================
Received Import Request.
  Time since last request: 4.871096 seconds.
  path: Assets/_Main/Scripts/Network/GameNetworkManager.cs
  artifactKey: Guid(8c9de4ac8e277ec4bbe9c3f5b0af3a45) Importer(815301076,1909f56bfc062723c751e8b465ee728b)
Start importing Assets/_Main/Scripts/Network/GameNetworkManager.cs using Guid(8c9de4ac8e277ec4bbe9c3f5b0af3a45) Importer(815301076,1909f56bfc062723c751e8b465ee728b)  -> (artifact id: '08cb672f8734860657fccc65071a5dca') in 0.002275 seconds
  Import took 0.006247 seconds .

========================================================================
Received Prepare
Registering precompiled user dll's ...
Registered in 0.017330 seconds.
Begin MonoManager ReloadAssembly
Native extension for WindowsStandalone target not found
Native extension for OSXStandalone target not found
Native extension for WebGL target not found
Refreshing native plugins compatible for Editor in 0.52 ms, found 1 plugins.
Preloading 0 native plugins for Editor in 0.00 ms.
Mono: successfully reloaded assembly
- Completed reload, in  2.283 seconds
Platform modules already initialized, skipping
Refreshing native plugins compatible for Editor in 1.07 ms, found 1 plugins.
Preloading 0 native plugins for Editor in 0.00 ms.
Unloading 2045 Unused Serialized files (Serialized files now loaded: 0)
System memory in use before: 93.7 MB.
System memory in use after: 93.7 MB.

Unloading 17 unused Assets to reduce memory usage. Loaded Objects now: 2509.
Total: 4.302300 ms (FindLiveObjects: 0.526300 ms CreateObjectMapping: 0.139900 ms MarkObjects: 3.381600 ms  DeleteObjects: 0.251700 ms)

========================================================================
Received Prepare
Refreshing native plugins compatible for Editor in 2.50 ms, found 1 plugins.
Preloading 0 native plugins for Editor in 0.00 ms.
Unloading 15 Unused Serialized files (Serialized files now loaded: 0)
System memory in use before: 53.6 MB.
System memory in use after: 53.6 MB.

Unloading 15 unused Assets to reduce memory usage. Loaded Objects now: 2509.
Total: 2.377000 ms (FindLiveObjects: 0.206800 ms CreateObjectMapping: 0.075200 ms MarkObjects: 1.985800 ms  DeleteObjects: 0.107900 ms)

========================================================================
Received Prepare
Registering precompiled user dll's ...
Registered in 0.007026 seconds.
Begin MonoManager ReloadAssembly
Native extension for WindowsStandalone target not found
Native extension for OSXStandalone target not found
Native extension for WebGL target not found
Refreshing native plugins compatible for Editor in 2.62 ms, found 1 plugins.
Preloading 0 native plugins for Editor in 0.00 ms.
Mono: successfully reloaded assembly
- Completed reload, in  2.998 seconds
Platform modules already initialized, skipping
Refreshing native plugins compatible for Editor in 2.81 ms, found 1 plugins.
Preloading 0 native plugins for Editor in 0.00 ms.
Unloading 2045 Unused Serialized files (Serialized files now loaded: 0)
System memory in use before: 93.8 MB.
System memory in use after: 93.7 MB.

Unloading 17 unused Assets to reduce memory usage. Loaded Objects now: 2514.
Total: 10.055800 ms (FindLiveObjects: 1.125300 ms CreateObjectMapping: 0.190000 ms MarkObjects: 8.363400 ms  DeleteObjects: 0.368000 ms)

========================================================================
Received Prepare
Registering precompiled user dll's ...
Registered in 0.006395 seconds.
Begin MonoManager ReloadAssembly
Native extension for WindowsStandalone target not found
Native extension for OSXStandalone target not found
Native extension for WebGL target not found
Refreshing native plugins compatible for Editor in 1.73 ms, found 1 plugins.
Preloading 0 native plugins for Editor in 0.00 ms.
Mono: successfully reloaded assembly
- Completed reload, in  2.506 seconds
Platform modules already initialized, skipping
Refreshing native plugins compatible for Editor in 1.92 ms, found 1 plugins.
Preloading 0 native plugins for Editor in 0.00 ms.
Unloading 2045 Unused Serialized files (Serialized files now loaded: 0)
System memory in use before: 93.8 MB.
System memory in use after: 93.8 MB.

Unloading 17 unused Assets to reduce memory usage. Loaded Objects now: 2519.
Total: 5.924300 ms (FindLiveObjects: 0.497900 ms CreateObjectMapping: 0.194000 ms MarkObjects: 5.014600 ms  DeleteObjects: 0.216000 ms)

AssetImportWorkerClient::OnTransportError - code=2 error=End of file
